<?xml version="1.0" encoding="UTF-8"?>
<!-- Generated by org.testng.reporters.JUnitReportReporter -->
<testsuite hostname="DESKTOP-EOF73JI" failures="0" tests="1" name="phpTravels.TravelPhpHeaderCheckTest" time="2.277" errors="0" timestamp="2022-12-22T10:56:49 EET" skipped="0">
  <testcase classname="phpTravels.TravelPhpHeaderCheckTest" name="checkPageTitle" time="2.277"/>
  <system-out/>
</testsuite> <!-- phpTravels.TravelPhpHeaderCheckTest -->
