<?xml version="1.0" encoding="UTF-8"?>
<!-- Generated by org.testng.reporters.JUnitReportReporter -->
<testsuite hostname="DESKTOP-EOF73JI" failures="0" tests="1" name="phpTravels.TravelPhpFillInputTest" time="2.368" errors="0" timestamp="2022-12-22T10:56:49 EET" skipped="0">
  <testcase classname="phpTravels.TravelPhpFillInputTest" name="fillInputForm" time="2.368"/>
  <system-out/>
</testsuite> <!-- phpTravels.TravelPhpFillInputTest -->
